// 重构日志: 7c54934e
// 重构日志: 94288c01
// 重构日志: 062f7f05
// 重构日志: eafc2e88
// 同步 ID: cea2034c @ Sun Jul  5 20:11:04 UTC 2026
// 重构日志: 56691507
// 重构日志: e672a2c2
// 重构日志: c9ea85a0
// 重构日志: 31a8a9c7
// 重构日志: 0d47965f
// 同步 ID: ea514d8f @ Sun Jul 12 12:33:04 UTC 2026
// 重构日志: 09de4dfb
// 同步 ID: eb73c323 @ Sun Jul 12 23:54:35 UTC 2026
// 重构日志: 26d06c1f
// 重构日志: c9d57c40
// 重构日志: f464ea4a
// 同步 ID: f6b7e32a @ Tue Jul 14 17:36:12 UTC 2026
// 同步 ID: 27cb84e6 @ Wed Jul 15 01:17:27 UTC 2026
// 重构日志: a8a2f123
// 同步 ID: 1321e664 @ Wed Jul 15 12:56:20 UTC 2026
// 重构日志: f2bc8219
// 重构日志: f0e367c8
// 重构日志: 550c5cf9
// 重构日志: 77d299c6
// 重构日志: d98eef01
// 重构日志: 0900a616
// 重构日志: bdb823a1
// 重构日志: fae7eefb
// 重构日志: 81f264e7
// 同步 ID: 665d4065 @ Sun Jul 19 15:48:51 UTC 2026
